<?xml version="1.0" encoding="UTF-8" ?>
<testsuites>
 <testsuite name="Jasmine Test Calc 2" timestamp="2016-05-25T17:39:51" hostname="localhost" time="1.075" errors="0" tests="2" skipped="0" disabled="0" failures="0">
  <testcase classname="Jasmine Test Calc 2" name="Add" time="0.387" />
  <testcase classname="Jasmine Test Calc 2" name="Multiply" time="0.429" />
 </testsuite>
</testsuites>